{"contracts\\PromotoFactory.sol":{"l":{"48":0,"49":0,"56":0,"57":0,"63":5,"64":4,"65":4,"71":2,"72":2,"81":1,"82":1,"83":1,"89":2,"90":2,"99":0,"100":0,"101":0,"102":0,"104":0,"106":0,"108":0,"117":0,"118":0,"119":0,"120":0,"128":1,"129":1,"137":2,"138":1,"139":1,"140":1,"141":1,"142":1,"143":1,"145":1,"153":3,"154":3,"155":2,"156":2,"157":2,"160":3},"path":"C:/Users/pia/Documents/Blockchain Training/project/promoto-dapp/contracts/PromotoFactory.sol","s":{"1":0,"2":0,"3":5,"4":4,"5":2,"6":1,"7":1,"8":2,"9":2,"10":0,"11":0,"12":0,"13":0,"14":0,"15":0,"16":0,"17":0,"18":0,"19":0,"20":0,"21":0,"22":1,"23":1,"24":2,"25":1,"26":1,"27":1,"28":1,"29":1,"30":3,"31":3,"32":2,"33":2,"34":3},"b":{"1":[0,0],"2":[0,0],"3":[4,1],"4":[4,0],"5":[2,0],"6":[1,0],"7":[0,0],"8":[0,0],"9":[0,0],"10":[1,1],"11":[1,0],"12":[1,0],"13":[1,0],"14":[2,0]},"f":{"1":0,"2":0,"3":5,"4":2,"5":1,"6":2,"7":0,"8":0,"9":1,"10":2,"11":3},"fnMap":{"1":{"name":"hasValue","line":47,"loc":{"start":{"line":47,"column":4},"end":{"line":47,"column":19}}},"2":{"name":"hasBalance","line":55,"loc":{"start":{"line":55,"column":4},"end":{"line":55,"column":21}}},"3":{"name":"isArtist","line":62,"loc":{"start":{"line":62,"column":4},"end":{"line":62,"column":19}}},"4":{"name":"hasAvailableArtists","line":70,"loc":{"start":{"line":70,"column":4},"end":{"line":70,"column":30}}},"5":{"name":"registerArtist","line":80,"loc":{"start":{"line":80,"column":4},"end":{"line":80,"column":105}}},"6":{"name":"getNumberOfArtists","line":88,"loc":{"start":{"line":88,"column":4},"end":{"line":88,"column":70}}},"7":{"name":"pay","line":98,"loc":{"start":{"line":98,"column":4},"end":{"line":98,"column":80}}},"8":{"name":"cashOut","line":116,"loc":{"start":{"line":116,"column":4},"end":{"line":116,"column":79}}},"9":{"name":"checkBalance","line":127,"loc":{"start":{"line":127,"column":4},"end":{"line":127,"column":75}}},"10":{"name":"subscribeToArtist","line":136,"loc":{"start":{"line":136,"column":4},"end":{"line":136,"column":75}}},"11":{"name":"getSubscribersCount","line":152,"loc":{"start":{"line":152,"column":4},"end":{"line":152,"column":74}}}},"statementMap":{"1":{"start":{"line":48,"column":8},"end":{"line":48,"column":29}},"2":{"start":{"line":56,"column":8},"end":{"line":56,"column":40}},"3":{"start":{"line":63,"column":8},"end":{"line":63,"column":59}},"4":{"start":{"line":64,"column":8},"end":{"line":64,"column":57}},"5":{"start":{"line":71,"column":8},"end":{"line":71,"column":38}},"6":{"start":{"line":81,"column":8},"end":{"line":81,"column":58}},"7":{"start":{"line":82,"column":8},"end":{"line":82,"column":116}},"8":{"start":{"line":89,"column":8},"end":{"line":89,"column":40}},"9":{"start":{"line":90,"column":8},"end":{"line":90,"column":27}},"10":{"start":{"line":99,"column":8},"end":{"line":99,"column":65}},"11":{"start":{"line":100,"column":8},"end":{"line":100,"column":36}},"12":{"start":{"line":101,"column":8},"end":{"line":101,"column":3648}},"13":{"start":{"line":102,"column":12},"end":{"line":102,"column":26}},"14":{"start":{"line":103,"column":15},"end":{"line":103,"column":3724}},"15":{"start":{"line":104,"column":12},"end":{"line":104,"column":26}},"16":{"start":{"line":105,"column":15},"end":{"line":105,"column":3800}},"17":{"start":{"line":106,"column":12},"end":{"line":106,"column":26}},"18":{"start":{"line":108,"column":8},"end":{"line":108,"column":19}},"19":{"start":{"line":117,"column":8},"end":{"line":117,"column":51}},"20":{"start":{"line":119,"column":8},"end":{"line":119,"column":50}},"21":{"start":{"line":120,"column":8},"end":{"line":120,"column":31}},"22":{"start":{"line":128,"column":8},"end":{"line":128,"column":43}},"23":{"start":{"line":129,"column":8},"end":{"line":129,"column":28}},"24":{"start":{"line":137,"column":8},"end":{"line":137,"column":57}},"25":{"start":{"line":138,"column":8},"end":{"line":138,"column":89}},"26":{"start":{"line":139,"column":8},"end":{"line":139,"column":59}},"27":{"start":{"line":140,"column":8},"end":{"line":140,"column":5414}},"28":{"start":{"line":141,"column":12},"end":{"line":141,"column":99}},"29":{"start":{"line":145,"column":8},"end":{"line":145,"column":80}},"30":{"start":{"line":153,"column":8},"end":{"line":153,"column":16}},"31":{"start":{"line":154,"column":8},"end":{"line":154,"column":6122}},"32":{"start":{"line":155,"column":12},"end":{"line":155,"column":71}},"33":{"start":{"line":156,"column":12},"end":{"line":156,"column":6301}},"34":{"start":{"line":160,"column":8},"end":{"line":160,"column":20}}},"branchMap":{"1":{"line":48,"type":"if","locations":[{"start":{"line":48,"column":8},"end":{"line":48,"column":8}},{"start":{"line":48,"column":8},"end":{"line":48,"column":8}}]},"2":{"line":56,"type":"if","locations":[{"start":{"line":56,"column":8},"end":{"line":56,"column":8}},{"start":{"line":56,"column":8},"end":{"line":56,"column":8}}]},"3":{"line":63,"type":"if","locations":[{"start":{"line":63,"column":8},"end":{"line":63,"column":8}},{"start":{"line":63,"column":8},"end":{"line":63,"column":8}}]},"4":{"line":64,"type":"if","locations":[{"start":{"line":64,"column":8},"end":{"line":64,"column":8}},{"start":{"line":64,"column":8},"end":{"line":64,"column":8}}]},"5":{"line":71,"type":"if","locations":[{"start":{"line":71,"column":8},"end":{"line":71,"column":8}},{"start":{"line":71,"column":8},"end":{"line":71,"column":8}}]},"6":{"line":81,"type":"if","locations":[{"start":{"line":81,"column":8},"end":{"line":81,"column":8}},{"start":{"line":81,"column":8},"end":{"line":81,"column":8}}]},"7":{"line":101,"type":"if","locations":[{"start":{"line":101,"column":8},"end":{"line":101,"column":8}},{"start":{"line":101,"column":8},"end":{"line":101,"column":8}}]},"8":{"line":103,"type":"if","locations":[{"start":{"line":103,"column":15},"end":{"line":103,"column":15}},{"start":{"line":103,"column":15},"end":{"line":103,"column":15}}]},"9":{"line":105,"type":"if","locations":[{"start":{"line":105,"column":15},"end":{"line":105,"column":15}},{"start":{"line":105,"column":15},"end":{"line":105,"column":15}}]},"10":{"line":137,"type":"if","locations":[{"start":{"line":137,"column":8},"end":{"line":137,"column":8}},{"start":{"line":137,"column":8},"end":{"line":137,"column":8}}]},"11":{"line":138,"type":"if","locations":[{"start":{"line":138,"column":8},"end":{"line":138,"column":8}},{"start":{"line":138,"column":8},"end":{"line":138,"column":8}}]},"12":{"line":139,"type":"if","locations":[{"start":{"line":139,"column":8},"end":{"line":139,"column":8}},{"start":{"line":139,"column":8},"end":{"line":139,"column":8}}]},"13":{"line":140,"type":"if","locations":[{"start":{"line":140,"column":8},"end":{"line":140,"column":8}},{"start":{"line":140,"column":8},"end":{"line":140,"column":8}}]},"14":{"line":156,"type":"if","locations":[{"start":{"line":156,"column":12},"end":{"line":156,"column":12}},{"start":{"line":156,"column":12},"end":{"line":156,"column":12}}]}}},"contracts\\SafeMath.sol":{"l":{"17":1,"18":0,"21":1,"22":1,"24":1,"31":1,"32":1,"35":1,"42":1,"43":1,"45":1,"52":1,"53":1,"55":1,"63":1,"64":1},"path":"C:/Users/pia/Documents/Blockchain Training/project/promoto-dapp/contracts/SafeMath.sol","s":{"1":1,"2":0,"3":1,"4":1,"5":1,"6":1,"7":1,"8":1,"9":1,"10":1,"11":1,"12":1,"13":1,"14":1,"15":1,"16":1},"b":{"1":[0,1],"2":[1,0],"3":[1,0],"4":[1,0],"5":[1,0],"6":[1,0]},"f":{"1":1,"2":1,"3":1,"4":1,"5":1},"fnMap":{"1":{"name":"mul","line":13,"loc":{"start":{"line":13,"column":2},"end":{"line":13,"column":70}}},"2":{"name":"div","line":30,"loc":{"start":{"line":30,"column":2},"end":{"line":30,"column":70}}},"3":{"name":"sub","line":41,"loc":{"start":{"line":41,"column":2},"end":{"line":41,"column":70}}},"4":{"name":"add","line":51,"loc":{"start":{"line":51,"column":2},"end":{"line":51,"column":70}}},"5":{"name":"mod","line":62,"loc":{"start":{"line":62,"column":2},"end":{"line":62,"column":68}}}},"statementMap":{"1":{"start":{"line":17,"column":4},"end":{"line":17,"column":490}},"2":{"start":{"line":18,"column":6},"end":{"line":18,"column":14}},"3":{"start":{"line":21,"column":4},"end":{"line":21,"column":22}},"4":{"start":{"line":22,"column":4},"end":{"line":22,"column":24}},"5":{"start":{"line":24,"column":4},"end":{"line":24,"column":12}},"6":{"start":{"line":31,"column":4},"end":{"line":31,"column":18}},"7":{"start":{"line":32,"column":4},"end":{"line":32,"column":22}},"8":{"start":{"line":35,"column":4},"end":{"line":35,"column":12}},"9":{"start":{"line":42,"column":4},"end":{"line":42,"column":20}},"10":{"start":{"line":43,"column":4},"end":{"line":43,"column":22}},"11":{"start":{"line":45,"column":4},"end":{"line":45,"column":12}},"12":{"start":{"line":52,"column":4},"end":{"line":52,"column":22}},"13":{"start":{"line":53,"column":4},"end":{"line":53,"column":19}},"14":{"start":{"line":55,"column":4},"end":{"line":55,"column":12}},"15":{"start":{"line":63,"column":4},"end":{"line":63,"column":18}},"16":{"start":{"line":64,"column":4},"end":{"line":64,"column":16}}},"branchMap":{"1":{"line":17,"type":"if","locations":[{"start":{"line":17,"column":4},"end":{"line":17,"column":4}},{"start":{"line":17,"column":4},"end":{"line":17,"column":4}}]},"2":{"line":22,"type":"if","locations":[{"start":{"line":22,"column":4},"end":{"line":22,"column":4}},{"start":{"line":22,"column":4},"end":{"line":22,"column":4}}]},"3":{"line":31,"type":"if","locations":[{"start":{"line":31,"column":4},"end":{"line":31,"column":4}},{"start":{"line":31,"column":4},"end":{"line":31,"column":4}}]},"4":{"line":42,"type":"if","locations":[{"start":{"line":42,"column":4},"end":{"line":42,"column":4}},{"start":{"line":42,"column":4},"end":{"line":42,"column":4}}]},"5":{"line":53,"type":"if","locations":[{"start":{"line":53,"column":4},"end":{"line":53,"column":4}},{"start":{"line":53,"column":4},"end":{"line":53,"column":4}}]},"6":{"line":63,"type":"if","locations":[{"start":{"line":63,"column":4},"end":{"line":63,"column":4}},{"start":{"line":63,"column":4},"end":{"line":63,"column":4}}]}}},"contracts\\SafeMathContract.sol":{"l":{"8":1,"12":1,"16":1,"20":1,"24":1},"path":"C:/Users/pia/Documents/Blockchain Training/project/promoto-dapp/contracts/SafeMathContract.sol","s":{"1":1,"2":1,"3":1,"4":1,"5":1},"b":{},"f":{"1":1,"2":1,"3":1,"4":1,"5":1},"fnMap":{"1":{"name":"getProduct","line":7,"loc":{"start":{"line":7,"column":4},"end":{"line":7,"column":66}}},"2":{"name":"getSum","line":11,"loc":{"start":{"line":11,"column":4},"end":{"line":11,"column":62}}},"3":{"name":"getDifference","line":15,"loc":{"start":{"line":15,"column":4},"end":{"line":15,"column":69}}},"4":{"name":"getQuotient","line":19,"loc":{"start":{"line":19,"column":4},"end":{"line":19,"column":67}}},"5":{"name":"getModulo","line":23,"loc":{"start":{"line":23,"column":4},"end":{"line":23,"column":65}}}},"statementMap":{"1":{"start":{"line":8,"column":8},"end":{"line":8,"column":25}},"2":{"start":{"line":12,"column":8},"end":{"line":12,"column":25}},"3":{"start":{"line":16,"column":8},"end":{"line":16,"column":25}},"4":{"start":{"line":20,"column":8},"end":{"line":20,"column":25}},"5":{"start":{"line":24,"column":8},"end":{"line":24,"column":25}}},"branchMap":{}}}