{"contracts\\PromotoFactory.sol":{"l":{"47":0,"48":0,"55":0,"56":0,"62":5,"63":4,"64":4,"70":2,"71":2,"77":1,"78":1,"85":0,"93":1,"94":1,"100":2,"101":2,"113":0,"114":0,"115":0,"130":0,"131":0,"132":0,"133":0,"135":0,"137":0,"139":0,"148":0,"149":0,"150":0,"151":0,"159":1,"160":1,"168":2,"169":1,"170":1,"171":1,"172":1,"173":1,"174":1,"176":1,"184":3,"185":3,"186":2,"187":2,"188":2,"191":3},"path":"C:/Users/pia/Documents/Blockchain Training/project/promoto-dapp/contracts/PromotoFactory.sol","s":{"1":0,"2":0,"3":5,"4":4,"5":2,"6":1,"7":0,"8":1,"9":2,"10":2,"11":0,"12":0,"13":0,"14":0,"15":0,"16":0,"17":0,"18":0,"19":0,"20":0,"21":0,"22":0,"23":0,"24":0,"25":0,"26":1,"27":1,"28":2,"29":1,"30":1,"31":1,"32":1,"33":1,"34":3,"35":3,"36":2,"37":2,"38":3},"b":{"1":[0,0],"2":[0,0],"3":[4,1],"4":[4,0],"5":[2,0],"6":[1,0],"7":[0,0],"8":[0,0],"9":[0,0],"10":[1,1],"11":[1,0],"12":[1,0],"13":[1,0],"14":[2,0]},"f":{"1":0,"2":0,"3":5,"4":2,"5":1,"6":0,"7":1,"8":2,"9":0,"10":0,"11":0,"12":1,"13":2,"14":3},"fnMap":{"1":{"name":"hasValue","line":46,"loc":{"start":{"line":46,"column":4},"end":{"line":46,"column":19}}},"2":{"name":"hasBalance","line":54,"loc":{"start":{"line":54,"column":4},"end":{"line":54,"column":21}}},"3":{"name":"isArtist","line":61,"loc":{"start":{"line":61,"column":4},"end":{"line":61,"column":19}}},"4":{"name":"hasAvailableArtists","line":69,"loc":{"start":{"line":69,"column":4},"end":{"line":69,"column":30}}},"5":{"name":"isNotAnArtist","line":76,"loc":{"start":{"line":76,"column":4},"end":{"line":76,"column":37}}},"6":{"name":"validToRegister","line":84,"loc":{"start":{"line":84,"column":4},"end":{"line":84,"column":85}}},"7":{"name":"registerArtist","line":92,"loc":{"start":{"line":92,"column":4},"end":{"line":92,"column":111}}},"8":{"name":"getNumberOfArtists","line":99,"loc":{"start":{"line":99,"column":4},"end":{"line":99,"column":70}}},"9":{"name":"getArtist","line":112,"loc":{"start":{"line":112,"column":4},"end":{"line":112,"column":142}}},"10":{"name":"pay","line":129,"loc":{"start":{"line":129,"column":4},"end":{"line":129,"column":80}}},"11":{"name":"cashOut","line":147,"loc":{"start":{"line":147,"column":4},"end":{"line":147,"column":79}}},"12":{"name":"checkBalance","line":158,"loc":{"start":{"line":158,"column":4},"end":{"line":158,"column":75}}},"13":{"name":"subscribeToArtist","line":167,"loc":{"start":{"line":167,"column":4},"end":{"line":167,"column":75}}},"14":{"name":"getSubscribersCount","line":183,"loc":{"start":{"line":183,"column":4},"end":{"line":183,"column":74}}}},"statementMap":{"1":{"start":{"line":47,"column":8},"end":{"line":47,"column":29}},"2":{"start":{"line":55,"column":8},"end":{"line":55,"column":40}},"3":{"start":{"line":62,"column":8},"end":{"line":62,"column":59}},"4":{"start":{"line":63,"column":8},"end":{"line":63,"column":57}},"5":{"start":{"line":70,"column":8},"end":{"line":70,"column":38}},"6":{"start":{"line":77,"column":8},"end":{"line":77,"column":51}},"7":{"start":{"line":85,"column":8},"end":{"line":85,"column":19}},"8":{"start":{"line":93,"column":8},"end":{"line":93,"column":103}},"9":{"start":{"line":100,"column":8},"end":{"line":100,"column":40}},"10":{"start":{"line":101,"column":8},"end":{"line":101,"column":27}},"11":{"start":{"line":113,"column":8},"end":{"line":113,"column":50}},"12":{"start":{"line":114,"column":8},"end":{"line":114,"column":52}},"13":{"start":{"line":115,"column":8},"end":{"line":115,"column":4067}},"14":{"start":{"line":130,"column":8},"end":{"line":130,"column":65}},"15":{"start":{"line":131,"column":8},"end":{"line":131,"column":36}},"16":{"start":{"line":132,"column":8},"end":{"line":132,"column":4811}},"17":{"start":{"line":133,"column":12},"end":{"line":133,"column":26}},"18":{"start":{"line":134,"column":15},"end":{"line":134,"column":4887}},"19":{"start":{"line":135,"column":12},"end":{"line":135,"column":26}},"20":{"start":{"line":136,"column":15},"end":{"line":136,"column":4963}},"21":{"start":{"line":137,"column":12},"end":{"line":137,"column":26}},"22":{"start":{"line":139,"column":8},"end":{"line":139,"column":19}},"23":{"start":{"line":148,"column":8},"end":{"line":148,"column":51}},"24":{"start":{"line":150,"column":8},"end":{"line":150,"column":50}},"25":{"start":{"line":151,"column":8},"end":{"line":151,"column":31}},"26":{"start":{"line":159,"column":8},"end":{"line":159,"column":43}},"27":{"start":{"line":160,"column":8},"end":{"line":160,"column":28}},"28":{"start":{"line":168,"column":8},"end":{"line":168,"column":57}},"29":{"start":{"line":169,"column":8},"end":{"line":169,"column":89}},"30":{"start":{"line":170,"column":8},"end":{"line":170,"column":59}},"31":{"start":{"line":171,"column":8},"end":{"line":171,"column":6577}},"32":{"start":{"line":172,"column":12},"end":{"line":172,"column":99}},"33":{"start":{"line":176,"column":8},"end":{"line":176,"column":80}},"34":{"start":{"line":184,"column":8},"end":{"line":184,"column":16}},"35":{"start":{"line":185,"column":8},"end":{"line":185,"column":7285}},"36":{"start":{"line":186,"column":12},"end":{"line":186,"column":71}},"37":{"start":{"line":187,"column":12},"end":{"line":187,"column":7464}},"38":{"start":{"line":191,"column":8},"end":{"line":191,"column":20}}},"branchMap":{"1":{"line":47,"type":"if","locations":[{"start":{"line":47,"column":8},"end":{"line":47,"column":8}},{"start":{"line":47,"column":8},"end":{"line":47,"column":8}}]},"2":{"line":55,"type":"if","locations":[{"start":{"line":55,"column":8},"end":{"line":55,"column":8}},{"start":{"line":55,"column":8},"end":{"line":55,"column":8}}]},"3":{"line":62,"type":"if","locations":[{"start":{"line":62,"column":8},"end":{"line":62,"column":8}},{"start":{"line":62,"column":8},"end":{"line":62,"column":8}}]},"4":{"line":63,"type":"if","locations":[{"start":{"line":63,"column":8},"end":{"line":63,"column":8}},{"start":{"line":63,"column":8},"end":{"line":63,"column":8}}]},"5":{"line":70,"type":"if","locations":[{"start":{"line":70,"column":8},"end":{"line":70,"column":8}},{"start":{"line":70,"column":8},"end":{"line":70,"column":8}}]},"6":{"line":77,"type":"if","locations":[{"start":{"line":77,"column":8},"end":{"line":77,"column":8}},{"start":{"line":77,"column":8},"end":{"line":77,"column":8}}]},"7":{"line":132,"type":"if","locations":[{"start":{"line":132,"column":8},"end":{"line":132,"column":8}},{"start":{"line":132,"column":8},"end":{"line":132,"column":8}}]},"8":{"line":134,"type":"if","locations":[{"start":{"line":134,"column":15},"end":{"line":134,"column":15}},{"start":{"line":134,"column":15},"end":{"line":134,"column":15}}]},"9":{"line":136,"type":"if","locations":[{"start":{"line":136,"column":15},"end":{"line":136,"column":15}},{"start":{"line":136,"column":15},"end":{"line":136,"column":15}}]},"10":{"line":168,"type":"if","locations":[{"start":{"line":168,"column":8},"end":{"line":168,"column":8}},{"start":{"line":168,"column":8},"end":{"line":168,"column":8}}]},"11":{"line":169,"type":"if","locations":[{"start":{"line":169,"column":8},"end":{"line":169,"column":8}},{"start":{"line":169,"column":8},"end":{"line":169,"column":8}}]},"12":{"line":170,"type":"if","locations":[{"start":{"line":170,"column":8},"end":{"line":170,"column":8}},{"start":{"line":170,"column":8},"end":{"line":170,"column":8}}]},"13":{"line":171,"type":"if","locations":[{"start":{"line":171,"column":8},"end":{"line":171,"column":8}},{"start":{"line":171,"column":8},"end":{"line":171,"column":8}}]},"14":{"line":187,"type":"if","locations":[{"start":{"line":187,"column":12},"end":{"line":187,"column":12}},{"start":{"line":187,"column":12},"end":{"line":187,"column":12}}]}}},"contracts\\SafeMath.sol":{"l":{"17":1,"18":0,"21":1,"22":1,"24":1,"31":1,"32":1,"35":1,"42":1,"43":1,"45":1,"52":1,"53":1,"55":1,"63":1,"64":1},"path":"C:/Users/pia/Documents/Blockchain Training/project/promoto-dapp/contracts/SafeMath.sol","s":{"1":1,"2":0,"3":1,"4":1,"5":1,"6":1,"7":1,"8":1,"9":1,"10":1,"11":1,"12":1,"13":1,"14":1,"15":1,"16":1},"b":{"1":[0,1],"2":[1,0],"3":[1,0],"4":[1,0],"5":[1,0],"6":[1,0]},"f":{"1":1,"2":1,"3":1,"4":1,"5":1},"fnMap":{"1":{"name":"mul","line":13,"loc":{"start":{"line":13,"column":2},"end":{"line":13,"column":70}}},"2":{"name":"div","line":30,"loc":{"start":{"line":30,"column":2},"end":{"line":30,"column":70}}},"3":{"name":"sub","line":41,"loc":{"start":{"line":41,"column":2},"end":{"line":41,"column":70}}},"4":{"name":"add","line":51,"loc":{"start":{"line":51,"column":2},"end":{"line":51,"column":70}}},"5":{"name":"mod","line":62,"loc":{"start":{"line":62,"column":2},"end":{"line":62,"column":68}}}},"statementMap":{"1":{"start":{"line":17,"column":4},"end":{"line":17,"column":490}},"2":{"start":{"line":18,"column":6},"end":{"line":18,"column":14}},"3":{"start":{"line":21,"column":4},"end":{"line":21,"column":22}},"4":{"start":{"line":22,"column":4},"end":{"line":22,"column":24}},"5":{"start":{"line":24,"column":4},"end":{"line":24,"column":12}},"6":{"start":{"line":31,"column":4},"end":{"line":31,"column":18}},"7":{"start":{"line":32,"column":4},"end":{"line":32,"column":22}},"8":{"start":{"line":35,"column":4},"end":{"line":35,"column":12}},"9":{"start":{"line":42,"column":4},"end":{"line":42,"column":20}},"10":{"start":{"line":43,"column":4},"end":{"line":43,"column":22}},"11":{"start":{"line":45,"column":4},"end":{"line":45,"column":12}},"12":{"start":{"line":52,"column":4},"end":{"line":52,"column":22}},"13":{"start":{"line":53,"column":4},"end":{"line":53,"column":19}},"14":{"start":{"line":55,"column":4},"end":{"line":55,"column":12}},"15":{"start":{"line":63,"column":4},"end":{"line":63,"column":18}},"16":{"start":{"line":64,"column":4},"end":{"line":64,"column":16}}},"branchMap":{"1":{"line":17,"type":"if","locations":[{"start":{"line":17,"column":4},"end":{"line":17,"column":4}},{"start":{"line":17,"column":4},"end":{"line":17,"column":4}}]},"2":{"line":22,"type":"if","locations":[{"start":{"line":22,"column":4},"end":{"line":22,"column":4}},{"start":{"line":22,"column":4},"end":{"line":22,"column":4}}]},"3":{"line":31,"type":"if","locations":[{"start":{"line":31,"column":4},"end":{"line":31,"column":4}},{"start":{"line":31,"column":4},"end":{"line":31,"column":4}}]},"4":{"line":42,"type":"if","locations":[{"start":{"line":42,"column":4},"end":{"line":42,"column":4}},{"start":{"line":42,"column":4},"end":{"line":42,"column":4}}]},"5":{"line":53,"type":"if","locations":[{"start":{"line":53,"column":4},"end":{"line":53,"column":4}},{"start":{"line":53,"column":4},"end":{"line":53,"column":4}}]},"6":{"line":63,"type":"if","locations":[{"start":{"line":63,"column":4},"end":{"line":63,"column":4}},{"start":{"line":63,"column":4},"end":{"line":63,"column":4}}]}}},"contracts\\SafeMathContract.sol":{"l":{"8":1,"12":1,"16":1,"20":1,"24":1},"path":"C:/Users/pia/Documents/Blockchain Training/project/promoto-dapp/contracts/SafeMathContract.sol","s":{"1":1,"2":1,"3":1,"4":1,"5":1},"b":{},"f":{"1":1,"2":1,"3":1,"4":1,"5":1},"fnMap":{"1":{"name":"getProduct","line":7,"loc":{"start":{"line":7,"column":4},"end":{"line":7,"column":66}}},"2":{"name":"getSum","line":11,"loc":{"start":{"line":11,"column":4},"end":{"line":11,"column":62}}},"3":{"name":"getDifference","line":15,"loc":{"start":{"line":15,"column":4},"end":{"line":15,"column":69}}},"4":{"name":"getQuotient","line":19,"loc":{"start":{"line":19,"column":4},"end":{"line":19,"column":67}}},"5":{"name":"getModulo","line":23,"loc":{"start":{"line":23,"column":4},"end":{"line":23,"column":65}}}},"statementMap":{"1":{"start":{"line":8,"column":8},"end":{"line":8,"column":25}},"2":{"start":{"line":12,"column":8},"end":{"line":12,"column":25}},"3":{"start":{"line":16,"column":8},"end":{"line":16,"column":25}},"4":{"start":{"line":20,"column":8},"end":{"line":20,"column":25}},"5":{"start":{"line":24,"column":8},"end":{"line":24,"column":25}}},"branchMap":{}}}